e:\programming related\visual_studio_projects\httpserver\cpphttpserver\x64\debug\vc143.pdb
e:\programming related\visual_studio_projects\httpserver\cpphttpserver\x64\debug\vc143.idb
e:\programming related\visual_studio_projects\httpserver\cpphttpserver\x64\debug\send404.obj
e:\programming related\visual_studio_projects\httpserver\cpphttpserver\x64\debug\writelog.obj
e:\programming related\visual_studio_projects\httpserver\cpphttpserver\x64\debug\isipvalid.obj
e:\programming related\visual_studio_projects\httpserver\cpphttpserver\x64\debug\getlocalipv4.obj
e:\programming related\visual_studio_projects\httpserver\cpphttpserver\x64\debug\mime_types.obj
e:\programming related\visual_studio_projects\httpserver\cpphttpserver\x64\debug\main.obj
e:\programming related\visual_studio_projects\httpserver\cpphttpserver\x64\debug\resource.res
e:\programming related\visual_studio_projects\httpserver\cpphttpserver\x64\cpphttpserver.exe
e:\programming related\visual_studio_projects\httpserver\cpphttpserver\x64\cpphttpserver.pdb
e:\programming related\visual_studio_projects\httpserver\cpphttpserver\x64\debug\cpphttpserver.ilk
e:\programming related\visual_studio_projects\httpserver\cpphttpserver\x64\debug\cpphttpserver.tlog\cl.read.1.tlog
e:\programming related\visual_studio_projects\httpserver\cpphttpserver\x64\debug\cpphttpserver.tlog\cl.write.1.tlog
e:\programming related\visual_studio_projects\httpserver\cpphttpserver\x64\debug\cpphttpserver.tlog\cl.command.1.tlog
e:\programming related\visual_studio_projects\httpserver\cpphttpserver\x64\debug\cpphttpserver.tlog\rc.read.1.tlog
e:\programming related\visual_studio_projects\httpserver\cpphttpserver\x64\debug\cpphttpserver.tlog\rc.write.1.tlog
e:\programming related\visual_studio_projects\httpserver\cpphttpserver\x64\debug\cpphttpserver.tlog\rc.command.1.tlog
e:\programming related\visual_studio_projects\httpserver\cpphttpserver\x64\debug\cpphttpserver.tlog\link.read.2.tlog
e:\programming related\visual_studio_projects\httpserver\cpphttpserver\x64\debug\cpphttpserver.tlog\link.write.1.tlog
e:\programming related\visual_studio_projects\httpserver\cpphttpserver\x64\debug\cpphttpserver.tlog\link.secondary.1.tlog
e:\programming related\visual_studio_projects\httpserver\cpphttpserver\x64\debug\cpphttpserver.tlog\link.command.1.tlog
e:\programming related\visual_studio_projects\httpserver\cpphttpserver\x64\debug\cpphttpserver.tlog\cl.items.tlog
